O O O O O O O O O O O O O O O O O O O
O O O O
B-DATE I-DATE B-APM I-APM O O O O O O O O O B-PNO I-PNO I-PNO I-PNO I-PNO O O O O
B-DUR I-DUR I-DUR I-DUR I-DUR
O O O O O O O O O O O O O O O B-DATE I-DATE
O O O O O O O O O O O B-PNO
O O O O O O
O O O O O O O O O O O B-PNO I-PNO
B-DATE I-DATE B-APM I-APM B-TIME I-TIME O O O O O O
O O O O O O O O O O O O O O O O O O B-DATE I-DATE I-DATE I-DATE I-DATE
O O O O O O O O O O O O O O O O O O B-DATE I-DATE I-DATE I-DATE I-DATE I-DATE
O O O O O O O O O O O O O O O O O O B-DATE I-DATE I-DATE
O O O O O O O O O O O B-PNO I-PNO
O O O O O O O O O O O O O O O O O O O O O O O O O O O O O O O O O O O O O O O O O O O O O O
O O O O O O O O O O O O O O O O O B-PNO I-PNO
O O
O O O O O O O O O O O O O O O B-PNO I-PNO I-PNO O
O O O O O O O O O
O O O O O
O O O O O O O O O
O O O O O O O O O O O O O O O O O O O O O O O O O
O O
O O O O O O O O O O O O
O O O O O O O O O O O O O O B-TIME I-TIME
O O O O O O O O O O O O O O O O O O B-DATE I-DATE I-DATE
O O O O O O O O O O O O O O O O O B-PNO
O O O O O O O O O O O B-PNO I-PNO I-PNO O O O O O O O O O O O O B-OBJ I-OBJ O O O B-LOC I-LOC I-LOC I-LOC O O O O
O O
O O O O O O O O O O O O O O B-TIME I-TIME O O
B-DATE I-DATE
B-PNO I-PNO I-PNO
O O O O O O O O O O O O O O O O O O O
O O O O O O O O O O O O O O O O O O B-DATE I-DATE
O O O O O O O O O O O O O O O O O O B-DATE I-DATE I-DATE
O
O O B-OBJ I-OBJ I-OBJ O
B-LOC I-LOC O O O
O O B-PNO I-PNO I-PNO O O B-PNO I-PNO I-PNO O O O B-PNO I-PNO I-PNO
O O O O O O O O O O O O O O O O O O B-DATE I-DATE I-DATE
B-DATE I-DATE
O O O O O O
O O O O O O O O O O O O O O O O O O O B-PER I-PER O B-PER I-PER O B-PER I-PER
O O O O O B-PER I-PER I-PER O
O O O O O O O O O O O O
O O O O O O O O O O O O O O O O
O
O O O
O O O O O O O O O O O B-LOC I-LOC I-LOC O O O
O O O O O O O O O O O O O O O O O O B-DUR
O O O O O O O O O O O O O O B-TIME I-TIME
B-TIME I-TIME
O O O O O B-DATE I-DATE O B-APM I-APM O B-TIME I-TIME O B-TIME I-TIME O O O B-LOC I-LOC I-LOC O O O
O O O O O B-PNO I-PNO O
O O O O O O O O O O O O O O O O O O O
O O O O O O O O O O O B-PNO I-PNO
B-APM I-APM
B-APM I-APM
O O O O O O O O O O O O O O B-TIME I-TIME
O O O O O O O O O O O O O O O O O O B-DATE I-DATE I-DATE O
O O O O O O O O O O O O O O O
O O O O O O O O O O O O O O O O O O O O O O O O O
O O O O O O O O O O O O O O O O O O B-DATE I-DATE
B-APM I-APM
O O O B-DATE I-DATE B-APM I-APM B-TIME I-TIME O B-PNO I-PNO I-PNO O B-LOC I-LOC I-LOC I-LOC O O O
O O O O O O O O O O O O O O B-TIME I-TIME
O O O O O O O O O O O O O O O O O O B-DATE I-DATE
O O O O O O O O O O O O O O O O O O B-DATE I-DATE I-DATE I-DATE
B-APM I-APM
O O O O O O O O O O O O O O B-TIME I-TIME
O O O O O O O O O O O O O O O O O O O O B-APM I-APM
B-APM I-APM O
O O
O O O O O O O O O O O O O O O O O O O
O O O O O
O O O O O O O O O O O O O O O O O O B-DATE I-DATE O
B-DATE B-APM B-TIME I-TIME I-TIME O O
O O O O O O O O O O O O O O B-APM I-APM B-TIME I-TIME
O O O O O
O O O O O O O O O O O O O O B-TIME
O O O O O O O O O O O O O O O O O O O
O O O O O O O O O O O B-PNO I-PNO
O O O O O O O O O O O O O O O O O O B-DATE I-DATE I-DATE I-DATE O
B-TIME I-TIME
O O
O O O O O O O O O O O O O O O O
O O O O O O O O O O O O O O O O O O O
O O O O O O O O O O O O O O O O O B-APM I-APM
B-DATE I-DATE I-DATE I-DATE B-APM I-APM B-TIME I-TIME O B-PNO I-PNO I-PNO O O O
O O O O O O O O O O O O O O O O O O B-DATE I-DATE I-DATE I-DATE I-DATE I-DATE
B-APM I-APM
O O O O O O O O O O O O O O O O O
O O O O O O O O O O O O O O O O O O B-APM I-APM B-TIME I-TIME
O O O O O O O O O O O O O O O O O O O O O O O O O O O O O O O O
O O O O O O O O O O O O O O O O O O B-DATE I-DATE
O O O O O O O O O O O O O O O O O O B-DATE I-DATE I-DATE I-DATE I-DATE I-DATE
O O O O O O O O O O O O O O O O O O O O O O
O O O O O O O O O O O B-PNO I-PNO
O O O B-APM I-APM
O O O O O O O O O O O O O O O B-PNO I-PNO I-PNO
O O O O O O O O O O O O O O O O O O O O B-PNO I-PNO O
O O O O O O O O O O O O O O O O O O B-APM I-APM
O O O O O O O O O O O O O O O O O
O O
O O O O O O O O O O O O O O O O O O B-DATE I-DATE I-DATE I-DATE I-DATE
O
O O O O O O O O O O O B-PNO
B-APM I-APM
O O O O O O O O O O O B-PNO I-PNO
O O O O O O O O O O O B-PNO I-PNO
O O O O O O O O O O O O O O O O O O B-DATE I-DATE I-DATE I-DATE
O O O O O O O B-PNO I-PNO O B-DATE I-DATE I-DATE B-APM I-APM B-TIME I-TIME
O O
O O O O O O O O O O O O O O O O O O O O O O O O O O O O O O O O
O O O O O O O O O O O O O O O B-DATE I-DATE I-DATE
O
O O O O O O O O O O O O O O O O O O O
O O O O O
O O
O O O O
O O
O O O O O O O O O O O B-PNO
O O O O O
O O
O O O O O
O O O O
O O O O O O O O O O O O O O O B-DUR I-DUR
O O O O O O O O O O O O O O O O O
B-APM I-APM
O O
B-DATE I-DATE O O O O O O O O O O
O O O O O O O O O O O O O O O O O O B-DUR
O O O O O O O O O O O O O O O O O O B-DATE I-DATE
O O
O O O O O O O O O O O O O
O O
O O O O O O O O O O O B-LOC I-LOC I-LOC O O O
O O O O O O O O O O O O O O O O O O O O O O O O O O O O O O O O
O O O O O O O O O O O O O O O O O O O O O O O O
O O
O O O O O O O O O O O O O O O O O O O B-DATE I-DATE
O O O
O O O O O O O O O O O O O O O O O O B-DATE I-DATE O O
O O O O O O O O O O O O O O O O O O B-DATE I-DATE B-APM I-APM B-TIME I-TIME I-TIME
O O O O O O O O O O O O O O O O O O O O B-APM I-APM
O
O O O O O O O O O O O O O O O O O O B-DATE I-DATE
B-APM I-APM
O O O O O O O O O O O O O O O B-DUR I-DUR I-DUR I-DUR I-DUR
O O O O O O O O O O O O O O O O O O B-DATE I-DATE O O
O O O O O O O O O O O O O O O O O O O O O B-DUR I-DUR I-DUR O O O
O O O O O O O O O O O B-PER O B-PER I-PER
O O O O O O O O O O O O O O O O O O O O
O O O O O O O O O O O O B-TIME I-TIME O O
B-DATE I-DATE B-TIME I-TIME O B-LOC I-LOC
O O O O O O O O O O O O O O O O O O B-PNO I-PNO I-PNO O
O O O O O O O O O O O B-PNO
O O O O O O O O O O O B-PER I-PER O O O O O O O
O O O O O O O O O O O B-PNO I-PNO
B-APM I-APM
O O O O O O O O O O O O O O O O O O B-DATE I-DATE
O O O
O O O O O O O O O O O O O O O O O O O O O O
O O O O O O O O O O O B-PNO
O O
O O O O O O O O O O O O O O O O O O O O O O O O O O O O O O O O
O O
O O O O O O O O O O O O
O O O O O O O O O O O O O O O O O O O O O O
O O O O O O O O O O O O O O O O O O O O O
O O O O O O O O O O O O O O O O O O O O O O O O O B-DATE I-DATE B-APM I-APM B-TIME I-TIME O B-LOC I-LOC I-LOC I-LOC O O O O
O O O O O O O O O O O O O O O O O O B-DATE I-DATE I-DATE I-DATE
O O O O O O O O O O O O O O B-PNO I-PNO
O O
O O
O O O O O O O O O O O O O O O O O O O B-DATE I-DATE I-DATE I-DATE O B-LOC I-LOC
O O
O O O O O O O O O O O O O O O O O O B-DATE
O O O O O O O O O O O O O O O O O O O O O O
B-DATE I-DATE I-DATE B-APM I-APM B-TIME I-TIME O B-PNO I-PNO
O O O O O O O O O O O O O O B-LOC
O O O
O O O
O O
O O O O O O O O O O O O O B-PNO I-PNO I-PNO O
O O
O O O O O O O O O O
O O
O O O O O O O O O O O B-PNO
O O O O O O O O O O O O O O O O O O O O O O O O O O O O O O O O
O O O O O O O O O O O O O B-PER I-PER I-PER O B-PER I-PER
O O O O O O O O O O O B-PNO I-PNO
O O
O O O O O O O O O O O O O O O O O O O O O O
O O O O O O O O O O O B-PNO
O O O B-DATE I-DATE I-DATE B-APM I-APM B-TIME I-TIME O O O O
O O O O O O O O O O O O O O O O O O O O O O O O O O O O O O O O
O O O O O O O O O O O O O O B-TIME
O O O
O O O B-APM I-APM O O O
B-APM I-APM
O O O O O O O
O O O O O O O O O O O O O O O O O O B-PER I-PER O O O O O O
B-PER I-PER O B-DATE I-DATE O O O
O O O O O O O O O O O O O O O B-TIME I-TIME I-TIME
O O O O O O O O O O O O O O O O O O O
O O O O O O O O O O O O O O O B-TIME I-TIME
O O O O O O O O O O O B-PNO I-PNO I-PNO I-PNO I-PNO
O O O O O O O O O O O O O O O O O O O O O O O O O O O O O O O O
O O O O O O O O O O O O O O B-TIME I-TIME O O
B-APM I-APM
O O O O O O O O O O O O O O O O O O B-DUR I-DUR I-DUR I-DUR
O O
B-APM I-APM
O O O O O O O O O O O O O O O O O O B-DUR I-DUR I-DUR I-DUR I-DUR
O O O O O O O O O O O O O O O
O O O O O O O B-APM I-APM B-TIME I-TIME O O
O O O
O O
O O
B-APM I-APM
O O O B-DATE I-DATE B-APM I-APM B-TIME I-TIME O O O O
O O O
O O O O O O O O O O O O O O O B-PNO I-PNO
O O
O O O O O O O O O O O O O O B-LOC I-LOC O O O
O O O O O O O O O O O O O O B-TIME I-TIME I-TIME
O O O O O
O O O O O O O O O O O O O O O O O O B-TIME I-TIME
O O O O O O O O O O O O O O O O O O O
B-DUR I-DUR I-DUR I-DUR I-DUR
O O O O O O O O O O O O O O O O O O B-DATE I-DATE
O O O O O O O O O O O O O O O O O O O
O O O O O O O O O O O O O O B-DUR I-DUR
O O O O O O O O O O O O O O O O O O B-DATE I-DATE I-DATE I-DATE O
O O O O O O O O O O O O O O O O O O O O O
O O O O O O O O O O O O O O O O O O B-DATE I-DATE O
O O
O O O O O O O O O O O O O O O O O
B-DATE I-DATE O O O B-LOC I-LOC O O O
O O O O O O O O O O O O O O B-APM I-APM B-TIME I-TIME
B-DATE I-DATE
O O O O O O O O O O O O O O O O O O O O O
O O O O O O O O O O O B-PNO
O O O O O O O O O O O O O O O O O O B-DATE I-DATE I-DATE O B-TIME I-TIME I-TIME
O O O O O O O O O O O O O O B-TIME I-TIME
O O
B-DATE I-DATE B-PNO I-PNO I-PNO O B-LOC I-LOC O O O
O O O O O O O O O O O O O O O B-LOC I-LOC I-LOC I-LOC O O O
O O O O O O O O O O O O O O B-TIME I-TIME
O O
O O O O O O O O O O O O O O B-TIME
B-PER I-PER O B-PER I-PER I-PER O B-PER I-PER I-PER O O
O O O O O O O O O O O O O O O O O O B-DATE I-DATE B-PNO I-PNO I-PNO O B-LOC O O O
O O
B-DATE I-DATE B-APM I-APM B-TIME I-TIME
O O O O B-DATE I-DATE B-APM I-APM B-TIME I-TIME O B-LOC I-LOC I-LOC I-LOC O O O O B-PNO I-PNO I-PNO
O O O O O O O O O O O B-LOC I-LOC I-LOC O O O
O O
B-APM I-APM
O O O O O O O O O O O O O O O O O O B-DATE I-DATE O
B-DUR I-DUR I-DUR
O O O O O O O O O O O B-LOC O O O
O O O O O O O O O O O O O O B-APM I-APM O O
B-APM I-APM O
O O O O O O O O O O O O O O O O O O O O
B-PER O B-PER O B-PER O O O O O O O
B-APM B-TIME I-TIME I-TIME
O O
O O O O O O O O O O O O O O B-TIME I-TIME
O O O O O O O O O O O O O O O O O O O O O O
O O O O O O O O O O O O O O O O O O O O O O O O O O O O O O O O O
O O O O O O O O O O O O O O B-TIME
O O O O O O O O O O O O O O O O O
O O O O O O O O O O O O O O O O O O B-DATE I-DATE B-TIME I-TIME I-TIME B-APM
O
O O O O O O O O O O O O O O O O O O O O O O
O O O O O O O O O O O O O O O O O O B-DATE I-DATE I-DATE I-DATE
O O O O O O O O O O O B-PNO
O O O O O O O O O O O O O O O O O O O
O O O
O O O O O O O O O O O O O O O O O O B-DATE I-DATE I-DATE
O O O O O O O O O O O O O O B-APM O B-TIME
O O
O O O O O O O O O O O O O O O O O O O O
O O O O O O O O O O O O O O O O O O B-DATE I-DATE I-DATE
B-DATE I-DATE B-PNO I-PNO I-PNO O B-LOC O O O
B-DUR I-DUR I-DUR I-DUR I-DUR
O O O O O O O O O O O O O O O O B-DUR I-DUR I-DUR I-DUR O B-DUR I-DUR I-DUR I-DUR
O O O O O O O O O O O O O O O O O O O O O O
O O O O O O O O O O O O O O O O O O O O O O O O O O O
O O O O O O O O O O O O O O O B-DUR I-DUR I-DUR I-DUR I-DUR
B-DATE I-DATE B-APM I-APM O O O O O O O B-DUR I-DUR I-DUR I-DUR O O
B-TIME I-TIME O B-LOC
O O O O O O O O O O O B-PNO
O O O O O O O O O O O O O O O O O O O O O O O O
O O O O O O O O O O O O O O O O O O B-DATE I-DATE
O O O O O O O O O O O B-PNO
O O O O O O O O O O O O O O O O O O O
O O O O O O O O O O O O O O O O O O B-DATE I-DATE I-DATE I-DATE
O O O O O O O O O O O B-LOC I-LOC I-LOC O O O
O O O O B-DATE I-DATE B-APM I-APM B-TIME I-TIME O B-LOC I-LOC I-LOC I-LOC O O O O B-PNO I-PNO I-PNO
O O O O O O O O O O O O O O O O O O B-DATE I-DATE I-DATE I-DATE I-DATE
O O O O O O O O O O O O O O O O O O O
O O O O O O O O O O O O O O O O O O O
O O O O O O O O O O O B-PNO I-PNO
O
O O O O O O O O O O O O O O O O O O B-DATE I-DATE I-DATE
B-APM I-APM
O O O O O O O O O O O O O O O O O O O O O O O O O O O O O O O O O O O O
O O O O O O O O O O O O O O O O O
O O O O
B-APM I-APM
O O O O O O O O O O O O O O O O O O B-DATE I-DATE B-APM I-APM
O
B-APM I-APM B-TIME I-TIME
B-DUR I-DUR I-DUR
B-APM I-APM O B-LOC I-LOC I-LOC I-LOC O O O
O O
O O O O O O O O O O O B-APM I-APM O O O O O O O O O O
O O O O O O O O O O O O O O O O O O O O B-APM I-APM O
O O B-DUR I-DUR I-DUR
O O O
B-DATE I-DATE I-DATE I-DATE I-DATE
O O O O O O O O O O O O O O O O O O B-DATE I-DATE I-DATE
O O O O O O O O O O O O O O O O O O O O O O
O O O O O O O O O O O O O O O O O O O
B-APM I-APM
O O O O O O O O O O O O O O O O O O O O O
O O O O O O O O O O O O O O O O O O B-DATE I-DATE I-DATE
O O O O O O O O O O O O O O O O B-DUR I-DUR I-DUR
O O O O O O O O O O O B-PNO I-PNO
O O O O O O O O O O O O O O O B-DUR I-DUR I-DUR
O O O O O O O O O O O B-PNO I-PNO
O O O O O O O O O O O O O O B-TIME
O O O O O
O O O O O O O O O O O O O O O O O O O O O O O O
B-DATE I-DATE I-DATE
O O O O O O O O O O O O O O O B-DATE I-DATE B-APM I-APM B-DUR I-DUR I-DUR
O O O O O O O O O O O O O O O O O O O O O
O O O O O O O O O O O O O O O O O O B-DATE I-DATE B-APM I-APM
O O O O O O O O O O O O O O O O O O O O O O B-PNO O
O O O O O O O O O O O O O O O
O O O O O O O O O O O O O O O O O O B-DUR I-DUR I-DUR I-DUR I-DUR
O O
O O O O O O O O O O O O O O O O O O O O O O
O O O O O O O O O O O B-PNO I-PNO I-PNO
O O O O O O O O O O O O O B-PER I-PER O O B-PER I-PER
O O O O O O O O O O O O O O O B-PNO
O O O O B-DATE I-DATE B-APM I-APM B-TIME I-TIME O B-LOC I-LOC I-LOC I-LOC O O O O B-PNO I-PNO I-PNO
O O
O O O O O O O O O O O O O O O O O O B-DUR I-DUR I-DUR
O O O O O O O O O O O B-PNO I-PNO I-PNO O O O
O O
O
O O O O O O O O O O O O O O O O O O B-DATE I-DATE I-DATE I-DATE B-LOC I-LOC I-LOC O B-DATE I-DATE I-DATE I-DATE O B-LOC I-LOC I-LOC
B-APM I-APM
O O O O O O
O O O O O O O O O O O O O O O O B-DUR I-DUR I-DUR
O O O O O O O O O O O O O O B-TIME I-TIME
O O O O O O O O O O O O O O O O B-TIME I-TIME I-TIME
O O O O O O O O O O O O O O O O O
O O O O O O O O O O O O O O O O O O O O O
O O O O O O O O O O O O O O O O O O O O
B-DUR I-DUR
O O O O O O O O O O O O O O O O B-TIME I-TIME O
O O O O O O O O O O O O O O O O O O B-DATE I-DATE I-DATE I-DATE
O O O O O O O O O O O B-LOC I-LOC O O O
O O O O O O O O O O O O O O B-TIME I-TIME O
O O O O B-DATE I-DATE B-APM I-APM B-TIME I-TIME O O O O
O O O O O O O O O O O O O O O O O O O
B-TIME O B-APM
O O O O O O O O O O O O O O O O O O B-DUR I-DUR I-DUR I-DUR I-DUR
B-DUR I-DUR
O O
O O
O O O O O O O O O O O O O O B-APM I-APM B-TIME I-TIME O O O O
B-DATE I-DATE I-DATE
B-DATE I-DATE I-DATE I-DATE I-DATE
B-TIME I-TIME O O
B-TIME I-TIME I-TIME
O O O O O O O O O O O O O O O O O O B-DATE I-DATE I-DATE I-DATE I-DATE
O O O O O O O O O O O O O O
O O O B-APM I-APM B-TIME I-TIME O O O O O
O O O O O O O O O O O O O O O O O O B-DUR I-DUR I-DUR I-DUR I-DUR I-DUR I-DUR
O O O O O O O O O O O O O O O O O O O O O O
O O O O O O O O O O O O O O B-TIME I-TIME
O O
O O O O O O O O O O
O O O O O O O O O O O O O O O O O O B-DATE I-DATE B-TIME I-TIME I-TIME B-APM
O O O O O O O O O O O O O O O O O O O O
O O O O O O O O O O O O O O O O O O B-DATE I-DATE I-DATE
B-DUR I-DUR I-DUR I-DUR I-DUR
O O O O O O O O O O O O O O O O O B-PNO
O O
O O O
O O O O O O O O
B-APM I-APM
O O O O O O O O O O O O O O O O O O O O O O O O O O O O O O O O O O O
O O O O O O O O O O O O O O O O O O O O O O O O O O O O O
O O O O O O O O O O O O O O B-PNO I-PNO I-PNO
O O O O O O O O O O O O O O B-TIME I-TIME I-TIME
O O O O B-LOC I-LOC I-LOC I-LOC O O O
O O O
O O O O O O O O O O O B-PNO I-PNO
O O O O O O O O O O O O O O O O O B-APM I-APM O
O O O O O O O O O O O O O O O B-DATE I-DATE I-DATE
O O O O O O O O O O O O O O O O O O B-PER O B-PER I-PER O B-PER O O O
O
O O
O O O O O O O O O O O O O O O O O O O O
B-APM I-APM
O O O O O O O O O O O B-PNO I-PNO O O
O O
O O O O O O O O O O O O O O B-TIME I-TIME
O O B-APM I-APM O B-TIME I-TIME B-APM
O O O O O O O O O O O O O O O O O O O
O O O O O O O O O O O O O O O O O O O
O O O O O O O O O O O O O O O O O O B-DATE I-DATE O
O O O O O O O O O O O B-LOC O O O
O O O O
O
O O O O O O O O O O O O O O B-TIME I-TIME O O
O O O O O O O O O O O O O O O B-DATE I-DATE
O O O O O O O O O O O O O O O O O O B-DATE I-DATE
B-TIME I-TIME
O O O O O O O O O O O B-PER O B-PER I-PER
O O O O O O O O O O O O O O O O O O B-DATE I-DATE I-DATE
O O O O O O O O O O O O O O O O O O B-DATE I-DATE I-DATE I-DATE O O
B-DUR I-DUR I-DUR
O O O O O O O O O O O B-PNO
O O O O O O O O O O O O O B-PER I-PER O B-PER I-PER I-PER O B-PER I-PER I-PER
O O
O O O O O O O O
O O O B-DATE I-DATE B-APM I-APM B-TIME I-TIME O O O O O O O B-OBJ I-OBJ O B-PER I-PER I-PER O B-PER I-PER I-PER O B-PER O O
O O O O O O O O O O O O O O O O O O B-DATE I-DATE I-DATE
O O
O O O O O O O O O O O O O O O O O O O O O O O O O O O O O O O O
O O O O O O O O O O O O O O O O
O O
O O
O O O O O O O O O O O O O O B-TIME I-TIME I-TIME
O O O O O O O O O O O O O O O O O O B-DATE I-DATE I-DATE I-DATE
B-DATE I-DATE I-DATE B-APM I-APM O O O B-LOC I-LOC I-LOC I-LOC O O O
B-APM I-APM
O O O O O O O O O O O O O O O O O O O O O O O
B-TIME I-TIME I-TIME I-TIME
O O O O O O O O O O O O O O O O O O B-DATE I-DATE
O O O O B-APM I-APM
B-PER I-PER I-PER O B-PER I-PER I-PER O B-PER I-PER O B-PER I-PER I-PER O B-PER I-PER O O O O O O O
O O O O
B-APM I-APM
B-DATE I-DATE B-APM I-APM B-TIME I-TIME O B-PNO I-PNO I-PNO
O O O O O O O O O O O B-PNO
O O O O O O O O O O O O O O O O O O B-DATE I-DATE I-DATE
O O O O O O O O O O O O O O O O O O B-DATE I-DATE O O B-APM I-APM O O
O O O O O O O O O O O O O B-PNO I-PNO
O O O O O O O O O O O O O O O O O O B-DATE I-DATE I-DATE
O O O O O O O O O O O O O O O O O O O
O O O O O O O O O O O O O O O O O O O O O O
O O O O O O O O O O O O O O O O O O O
O O O O O O O O O O O O O
O
O O O O O O O O O O O O O O O O O O B-DUR I-DUR
O O O O O O O O O O O O O O O O O B-PNO
O O O O O O O O O O O O O O O O O O B-DATE I-DATE B-PNO I-PNO I-PNO O B-LOC O O O
O O O O O O O O O O O O O O B-LOC I-LOC
O O O O
B-APM I-APM
O O O O O O O O O O O O O O O O O O B-DATE I-DATE
O O O
O O O
B-APM I-APM
O O O O O O O O O O O O O O B-DUR I-DUR I-DUR
O O O O O O O O O O O B-PNO I-PNO I-PNO
O O O O O O O O O O O O O O O O O O O O O O O O
O O O O O O O O O O O O O O O O B-DUR
O O O O O O O O O O O O O O O O O O O
O O O O
O O O O O O
B-APM I-APM
B-DATE I-DATE B-PNO I-PNO I-PNO
B-DATE I-DATE I-DATE B-APM I-APM B-TIME I-TIME
O O O O O O O O O O O O O O O O O O O O B-APM I-APM
O O
O O O O O O O O O O O O O O O O O O O O O O O O O O
O O
O O O O O O O O O O O O O O
B-PNO I-PNO
O O
O O O O O O O O O O O B-PNO
B-DATE I-DATE
O O O O O O O O O O O B-PNO I-PNO
B-DATE I-DATE B-PNO I-PNO I-PNO
O O O O O O O O O O O O O O O O B-DUR I-DUR I-DUR
O O O O O O O O O O O O O O O B-APM I-APM B-TIME I-TIME
O O O O O O O O O O O O O O O O O O O
O O O O O O O O O O O O O O B-TIME I-TIME I-TIME B-APM
O O O O O O O O O O O O O O O O O B-PNO
O O O O O O O O O O O B-LOC O O O
B-APM I-APM B-TIME I-TIME
O O O O O O O O O O O O O O O O O O O O O O O O O O O O O O O O
O O
O O O O O O O O O O O O O O O O O O O O O O O O O B-DATE I-DATE B-APM I-APM B-TIME I-TIME O O O B-PNO I-PNO I-PNO I-PNO I-PNO
O O O O O O O O O O O B-PNO
O O O O O O O O O O O O O O O O O O O
O O O O O O O O O O O
O O O O O O O O O O O O O O O O B-APM I-APM B-TIME I-TIME
O O O O O O O O O
O O
O O O O O O O O O O O O O O O O B-TIME I-TIME I-TIME
O
O O O O O O O O O O O B-PER O B-PER I-PER I-PER O B-PER I-PER O B-PER I-PER
O O O O O O O O O O O O O O O O O O O O O O O O O O O
O O O
O O O O O O O O O O O O O O O O O O B-DATE I-DATE
O O O O O O O O O O O O O O O O O O O B-PNO I-PNO O
O O O O O O O O O O O B-TIME I-TIME I-TIME O
O O O O O O O O O O O O O O B-TIME I-TIME
O O O O O O O O O O O O O O O O O B-PNO I-PNO
O O O O O O O O O O O O O O O O O O O O O
O O O O O O O O O O O O O O O O O O O O O O O O O O O O O O O O
B-DUR I-DUR I-DUR I-DUR I-DUR
O O O O O O O O O O O O O O O O O O B-PER I-PER I-PER O B-PER I-PER
B-DATE I-DATE O
O O O O O O O O O O O O O O O O O O O O O B-APM I-APM B-TIME I-TIME
B-DATE I-DATE B-PNO I-PNO I-PNO O B-LOC O O O
O O O O O O O O O O O O O O O O B-DUR I-DUR I-DUR
O O O O O O O O O O O O O O O O O O B-DATE B-APM B-TIME I-TIME I-TIME O O
O
B-DATE I-DATE I-DATE O O
B-APM I-APM
O O O O O O O O O O O B-PNO
B-APM I-APM
O O O O O O O O O O O B-PNO
O O
O O O O O O O O O O O O O O O O O O O O O
O O O O O O O O O O O O O O O O O O B-TIME I-TIME I-TIME
O O O O O O O O O O O O O O O O O O O O O O O O O O O O O O O O
O O O O O O O O O O O O O O B-TIME I-TIME O O
O O O O O O O O O O O O O O O O O O O O O O O O O O O O O O O O O O O O O O O
O
O O O O O O O O O O O B-PNO I-PNO
O O O O O O O O O O O O O O O O O
O O O O O O O O O O O O O O O
O O O O O O O O O O O O O O O O O O O O O O O O O O O O O O O O O O O O O O O O O O O O O O O O O O O O O O O O O O O O O O O O O O O O O O O O O
O O O O O O O O O O O O O O O O O O B-PER I-PER I-PER
O O O O O O O O O O O B-PNO I-PNO
O O O O O O O O O O O B-PNO
O O O O O O O O O O O B-PNO I-PNO O O B-LOC I-LOC I-LOC I-LOC O O O O O O O B-OBJ I-OBJ
O O O O O O O O O O O O O O O O O O O O O
O O O O O O O O O O O O O O O O O O O
O O O O O O O O O O O O O O O O O O O B-DATE I-DATE B-APM I-APM B-TIME I-TIME O B-LOC I-LOC I-LOC I-LOC O O O O B-PNO I-PNO I-PNO
O
O O O O O O O O O O O B-PNO I-PNO
O O O O O O O O O O O B-PNO I-PNO
O O O O B-DATE I-DATE B-APM I-APM B-TIME I-TIME O B-TIME I-TIME O B-LOC I-LOC I-LOC O O O O B-PNO I-PNO I-PNO
O O O O O O O O O O O O O O O O O O O
O O O O O O O O O O O O O O O O O O B-DATE I-DATE I-DATE
O O O O O O O O O O O O O O O O B-DUR I-DUR
O O O O O O O O O O O O O O B-TIME I-TIME I-TIME B-APM
O O O O O O O O O O O O O B-PER I-PER I-PER O B-PER I-PER I-PER O B-PER I-PER O B-PER I-PER I-PER O B-PER I-PER
O O O O B-PNO I-PNO
O O O O O O O O O O O O O O O O O O B-DATE I-DATE I-DATE
O
O O O O O O O O O O O O O O B-TIME I-TIME O B-TIME I-TIME
B-TIME I-TIME I-TIME
O O O O O O O O O O O O O O O O O O O O O O O O
O O O O B-DATE I-DATE B-APM I-APM B-TIME I-TIME O B-LOC I-LOC I-LOC I-LOC O O O O B-PNO I-PNO I-PNO
O O O O O O O O O O O B-PER I-PER I-PER O B-PER I-PER O B-PER I-PER O B-PER I-PER O B-PER I-PER
O O O O O O O O O O O O O O O O O O O O O O O O O
O O O O O O O O O O O O O O O O B-DUR I-DUR
O O O O O O O O O O O O O O O B-APM I-APM B-TIME I-TIME
O O O O O O O O O O O O O O B-TIME I-TIME
O O O O O O O O O O O B-LOC I-LOC O O O
B-APM I-APM
O O O O O O O O O O O O O O O O O O O O O O O O O O O O O O O O O O O O
O O O O O O O O O O O O O
O O O O B-OBJ I-OBJ I-OBJ O B-OBJ I-OBJ I-OBJ
O O O O O O O O O O O O O O B-TIME I-TIME
O O
O O O O O O O O O O O O O O B-TIME I-TIME
O O O O O O O O O O O O O O O O O O B-DUR I-DUR I-DUR
O O O O O O O O O O O O O O O O O O O
O O
O O O O O O O O O O O O O
O O O O O O O O O O O B-PNO
B-DATE I-DATE I-DATE
O O O O O O O O O O O O O O O O O O O
O O O O O O O O O O O B-PNO I-PNO
B-APM I-APM
O O O O O O O O O O O B-PNO I-PNO O
O O O O O O O O O O O O O O O O O O O O O
O O O O O O O O O O O O O O O B-DUR I-DUR I-DUR I-DU
O O O O O O O O O O O O B-TIME I-TIME O O
B-APM I-APM
O O O O O O O O O O O O O O O O
O O O O O O O O O O O O O O O B-TIME I-TIME
B-DATE I-DATE I-DATE B-APM I-APM B-TIME I-TIME O B-LOC I-LOC I-LOC I-LOC O O O O B-PNO I-PNO
O O O O O O O O O O O O O O B-LOC
O O O O O O O O O O O O O O O O O O O
O O O O O O O O O O O O O O O O O O O B-PNO I-PNO I-PNO
O O O O O O O O O O O O O O O O O O O
O O O O O O O O O O O O O O O O O O B-DUR I-DUR O O
O O O O O O O O O O O B-APM I-APM O O B-LOC I-LOC I-LOC O O O B-PNO I-PNO I-PNO
O O O O O B-OBJ I-OBJ I-OBJ
O O O O O O O O O O O O O O B-TIME I-TIME
O O
O O O O O O O O O O O O O O O O O O B-DATE I-DATE I-DATE I-DATE I-DATE I-DATE
B-APM I-APM
B-APM I-APM
B-LOC
O O O O O O O O O O O O O O B-LOC
O O O O O O O O O O O O O O O O B-DUR I-DUR I-DUR
O O O O O O O O O O O O O O O O O O B-DATE I-DATE
O O O O O O O O O O O O O O O O O O B-DATE I-DATE I-DATE I-DATE
O O O O O O O O O O O O O O O O O O O O O
B-DATE I-DATE
O O O O O O O O O O O O O O B-TIME I-TIME
O O O O O O O O O O O O O O O O O O O O O O
O O O O O O O O O O O O O O O O O O B-TIME I-TIME
O O O O O O O O O O O O O O O O O O B-DATE I-DATE I-DATE I-DATE
O
O O O O O O O O O O O B-LOC I-LOC O O O
O O O O O O O O O O O B-PNO I-PNO
B-APM I-APM B-TIME I-TIME I-TIME
O O O O O O O O O O O B-PNO I-PNO I-PNO
B-APM I-APM
B-APM I-APM B-TIME I-TIME
O O O O O O O O O O O O O O O O O O O O O O O O O O O O O O O O
O O O O O O O O O O O O O O B-DATE I-DATE B-APM I-APM B-TIME I-TIME
O O
O O O O O O O O O O O O O O O O O O B-DATE I-DATE
O O O O O O O O O O O O O O O O O O B-DATE I-DATE O O B-APM I-APM O O
B-DUR I-DUR
O O O O O O O O O O O O
O O O
B-APM I-APM
O O O O O O O O O O O B-DATE I-DATE I-DATE I-DATE I-DATE
O O B-PNO I-PNO
O O O O O O O O O O O O O O B-APM I-APM B-TIME I-TIME
O
O O O O O O O O O O O O O O B-TIME I-TIME I-TIME
O O O O O O O O O O O O O O O O O O O O O O O O O O O O O O O O O O O O O O O O O O O O O O O
O O
B-APM I-APM
O O O O O O O O O O O O O O O O O
O O O O O O O O O O O O O O O O O O O O O O
O O O O O O O O O O O O O O O O O O O O
O O O O O O O O O O O B-PNO I-PNO
B-APM I-APM B-TIME I-TIME
O O O O O O O O O O O O O O O O O O B-DATE I-DATE
O O O O
O O O O O O O O O O O O O O O B-TIME
O O O O O O O O O O O O O O O O O O O O O O
O O O
O O O O O O O O O O O O O O O O O O O O O O B-PNO I-PNO
B-DUR I-DUR I-DUR I-DUR
O O O O O O O O O O O O O O B-PNO
O O O O O O O O O O O O O O O O O B-APM I-APM
O O O O O O O O O O O O O O O B-DUR I-DUR I-DUR
O O O O O O O O O O O B-APM I-APM O O O O O O B-PER O B-PER I-PER
O O O O O O O O O O O O O O B-TIME I-TIME
B-DATE I-DATE
O O O O O O O O O O O B-LOC I-LOC I-LOC O O O
O O O O O O O O O O O O O O O O O O O
B-DATE I-DATE B-APM I-APM B-TIME I-TIME O O O O O O
O O O B-DATE I-DATE I-DATE I-DATE I-DATE O B-APM I-APM B-TIME I-TIME O O
B-LOC I-LOC I-LOC I-LOC O O O
O O O O O O O O O O O B-PNO I-PNO
O O O O O O O O O O O O O O O O O O B-DATE I-DATE I-DATE I-DATE
O O O O O O O O O O O O O O O O O O O
B-DATE I-DATE I-DATE I-DATE
B-PER I-PER O B-PER I-PER O B-PER I-PER O O O O O O O
O O O O O O O O O O O O O O O O O
O O O O O O O O O O O O O O
O O
O O
B-DATE I-DATE
O O O O O O O O O O O O O O O O O O O O O
O O O O O O O O O O O O O O O O O O O
B-DATE I-DATE I-DATE O B-TIME I-TIME I-TIME B-APM O O
O O O O O O O O O O O O O O B-TIME I-TIME
O O
O O O O O O O O O O O B-TIME I-TIME I-TIME B-APM
O O O O O O O O O O O O O O O O O O O O
O O
B-DATE I-DATE B-APM I-APM B-TIME I-TIME O O
O O O O O O O O O O O B-PER I-PER O B-PER O O O B-DEP O
O O O O O O O O O O O B-LOC I-LOC O O O
O O O O O O O O O O O O O O O B-PNO
O O O O O O O O O O O O O O O O O O O
O O O O O O O O O O O O O O O O B-DATE I-DATE
O O O O O O O O O O O O O O B-TIME I-TIME
O O O O O O O O O O O O O O O O O O B-DATE I-DATE
O
O O O O O O O O O O O O O O O O
O O
O O O B-DATE I-DATE B-APM I-APM O B-OBJ I-OBJ
O O O O O O O O O O O O O O O O O O O
O O O O O O O O O O O O O O O O O O B-DATE I-DATE B-APM I-APM B-TIME I-TIME
O
O O O O O O O O O O O O O O O O O O O O O O
O O O O O O O O O O O O O O O O O O B-DATE I-DATE
O
O O O O O O O O O O O O O O O O O O B-DATE I-DATE I-DATE
O O O
O O
O O O O O O O O O O O O O O O
O O O O O O O O O O O O O O O O O O O O
B-APM I-APM
O O O O O O O O O O O B-PNO I-PNO
O O O O O O O O O O O O O O B-TIME I-TIME
B-APM I-APM
O O O O O O O O O O O B-PNO I-PNO I-PNO I-PNO
O O O O O O O O O O O B-LOC I-LOC O O O
O O
O O O O O O O O O O O O O O O O O O O O O O B-APM I-APM B-TIME I-TIME I-TIME O O O O B-PNO I-PNO I-PNO
O O
O O O O
O O O O O O O O O O O O O O B-TIME I-TIME I-TIME
B-APM I-APM
O O
O
O O O O O O O O O O O O O O O O O O B-TIME I-TIME I-TIME
B-LOC I-LOC I-LOC I-LOC O O O
O O O O O O O O O O O O O O O O O O B-DATE I-DATE I-DATE B-APM I-APM B-TIME
O O O O O O O O O O O O O O O O O O O O O O
O O O O O O O O O O O B-PNO I-PNO O O O O B-OBJ I-OBJ O O O O B-LOC I-LOC I-LOC I-LOC O O O O
O O
O O B-APM I-APM O B-TIME I-TIME B-APM
O O
O O O O O O O O O O O O O O O O O O B-DATE I-DATE
O
O O
B-APM I-APM B-TIME I-TIME
O O
O O O O O O O O O O O O O O O O
B-PER I-PER O B-PER I-PER O B-PER I-PER O B-PER
O O O O O O O O O O O O O O O O O O B-DUR I-DUR I-DUR
O O O O O O O O O O O O O O B-PNO
O O O O O O O O O O O O O O O O O O B-DUR I-DUR I-DUR
O O O O O O O O O O O O O O B-TIME I-TIME I-TIME O O O
O O O O O O O O O O O O O B-PNO I-PNO
O O B-DATE I-DATE B-TIME I-TIME I-TIME B-APM B-LOC
O O O O O O O O O O O O O O O O O O O O
O O O O O O O O O O O O O O O O O O O
O O O O O O B-PER I-PER I-PER
B-DUR I-DUR I-DUR I-DUR
O O O O O O O O
B-PER I-PER I-PER O B-PER I-PER I-PER O B-PER I-PER O O O O O
O O O O O O O O O O O O O O O O O O B-DATE I-DATE I-DATE I-DATE I-DATE I-DATE
O O
O
O O O O O O O O O O O O O O O O O O B-DATE I-DATE I-DATE
B-DATE I-DATE B-PNO I-PNO I-PNO O B-LOC O O O
O O O O O O O O O O O O O O B-PNO
O O O O O O O O O O O O O O B-APM I-APM B-TIME I-TIME
O O
O O O O O O O O O O O O O O O O O O
B-APM
O O O O O O O O O O O O O O O O O O O O B-PNO O O B-PNO I-PNO I-PNO I-PNO I-PNO
O O O O O O O O O O O O O O O O O O B-DATE I-DATE I-DATE I-DATE
O O O O O O O O O O O O O O O O O O O O O O
O
O O
O O O O O O O O O
O O O O O O O O O O O O O O B-TIME I-TIME I-TIME O B-TIME I-TIME I-TIME
O O O O O O O O O O O O O O O O O O B-DATE I-DATE
B-DUR I-DUR I-DUR
O O O O O O O O O O O B-PNO I-PNO O O O O O
O
O O O O O O O O O O O O O O O O O O O O O O
O O O O O O O O O O O B-PER O B-PER I-PER
O O O O B-DATE I-DATE B-APM I-APM B-TIME I-TIME O B-LOC I-LOC I-LOC I-LOC O O O O B-PNO I-PNO I-PNO
O O O O O O O O O O O O O O O O O O O B-DATE I-DATE B-APM I-APM B-TIME I-TIME
O O O O O O O O O O O O O O O O O O O O O O O O O O O O O O O O
O O O O O O O O O O O O O O O O O O O O O O O O O O O O O O O O
O O O O O O O O O O O O O O O O O O B-DATE I-DATE I-DATE I-DATE I-DATE
O O
O O O O O O O O O O O O O O O O O O O O O O O
O O O O O O O O O O O O O O B-TIME I-TIME
B-DATE I-DATE B-APM I-APM O O O O
O O
O O O O O O O O O O O O O O O O O O B-DATE I-DATE I-DATE
O O O O O O O O O O O O O O O O O O B-DATE I-DATE I-DATE I-DATE
B-DUR I-DUR
O O O O O O O O O O O O O O O B-DUR I-DUR I-DUR O O O O O O O O O O
O O O O O O O O O O O O O O O O O O B-DATE I-DATE
O O O O O O O O O O O O O O B-TIME I-TIME
O O O O O O O O O O O O O B-PER I-PER O B-PER I-PER O B-PER I-PER
O O O O O O O O O O O O O O O O O O B-DATE I-DATE I-DATE I-DATE
O O O O O O O O O O O O O O O O O O O O O O
O O O O O O O O O O O O O O O O O O B-DATE I-DATE I-DATE I-DATE I-DATE
O O O O O O O O O O O O O O O O O O B-DATE I-DATE
O O O O O O O O O O O B-PNO
B-APM I-APM B-TIME I-TIME
O O
O O O O O B-DATE I-DATE O
B-DATE B-APM B-TIME I-TIME O O
O O O O O O O O O O O O O O O O O O B-DATE I-DATE I-DATE
B-DATE I-DATE I-DATE I-DATE I-DATE
O O O O O O O O O O O O O O O O O O B-DATE I-DATE I-DATE I-DATE I-DATE
B-APM I-APM O O
O O O O O O O O O O O O O O O B-DUR I-DUR I-DUR
O O
O
O O O O O O O O O O O O O O O O O O B-DATE I-DATE I-DATE
O O O O O O O O O O O O O O O O O O B-DATE I-DATE B-APM I-APM B-TIME I-TIME
O O O O O O O O O O O B-PNO I-PNO I-PNO O O
O O O O O O O O O O O O O O O O B-APM I-APM B-TIME I-TIME
O O O O O O O O O O O O O O B-PNO I-PNO I-PNO I-PNO
B-PNO I-PNO I-PNO
O O O O O O O O O O O B-PNO I-PNO
O
O O O O O O O O O O O B-PNO
O O O O O O O O O O O O O O B-PNO I-PNO
O O O O O O O O O O O O O O O O O O O
O O O O O O O O O O O O O O O O O O O O
O O O O O O O O O O O O O O B-TIME
O O O O O O O O O O O O O O O O O O B-DATE I-DATE I-DATE
B-DATE I-DATE I-DATE
O O O O O O O O O O O O O O O O O O B-DATE I-DATE I-DATE I-DATE O
O O O O O O O O O O O B-LOC I-LOC O O O
O O O O O O O O O O O O O O O O O
B-APM I-APM
O O
O O O O O O O O O O O O O O O O O O B-DATE I-DATE I-DATE O B-LOC I-LOC O O O
O O O O O O O B-LOC I-LOC I-LOC I-LOC O O O O B-DATE I-DATE B-APM I-APM O O O O O B-PNO I-PNO I-PNO O O O B-OBJ I-OBJ O
O O O O O O O
O O O O O O O O O O O O O O O O O O B-DATE I-DATE I-DATE
O O O O O O O O O O O O O O O O O O O
O O O O O O O O O O O O O O O O O O O O
O O O O O O O O O O O O O O B-TIME I-TIME O O
O O O
O
O O
O O O B-PNO
O O O O O O O O O O O O O O O O O O O
O O O O O O O O O O O O O O O O O
O O O O O O O O O O O O O O O O O O B-DATE I-DATE O O B-APM I-APM O O
O O O O O O O O O O O B-PNO I-PNO
O O O O O O O O O O O O O O O O O O O O O O O O O O O O O O O O
O O O O O O O O O O O O O O B-APM I-APM B-TIME I-TIME
O O O O O O O O O O O O O O O B-DATE I-DATE I-DATE I-DATE
O O O O O O O O O O O O O O O O O O O
B-DATE B-APM B-TIME I-TIME O B-LOC I-LOC I-LOC I-LOC O B-PNO I-PNO O O B-DEP O
O O O O O B-DATE I-DATE I-DATE O
B-APM I-APM B-TIME I-TIME
O O O O O O O O O O O B-LOC O O O
B-APM I-APM
B-DATE I-DATE I-DATE O O O
O O O O O O O O O O O O O O O O O O O O O
O O O O O O O O O
O O O O O O O O O O O O O O O O O O B-DATE I-DATE I-DATE
O O O O O O O O O O O O O O O O O O O O O O O O O O O O O O O O
O O O O O O O O O O O O O O O O B-DUR I-DUR I-DUR
O O O O
O O O O O O O O O O O O O O O O O O O O O O O O O O O O O O O O
O O O O O O O
O O O O O O O O O O O O O O O B-PER I-PER I-PER O B-PER I-PER I-PER O B-PER I-PER I-PER O
O O
B-APM I-APM O B-APM I-APM
B-DATE I-DATE I-DATE
O O
O O O O O O O B-APM I-APM B-TIME I-TIME O O O O O
O O O O O O O O O O O O O O B-TIME I-TIME I-TIME
O O O O O O O O O O O O O O O O O O O
O O O O B-DATE I-DATE B-APM I-APM B-TIME I-TIME O B-TIME I-TIME O B-LOC I-LOC I-LOC O O O
O O
O O O O O O O O O O O O O O O O O O B-DATE I-DATE I-DATE
O O O O O O O O O O O B-PER I-PER O B-PER I-PER I-PER
O O O O O O O O O O O O O O O O O O B-DATE I-DATE I-DATE
O O O O O O O O O
B-DUR I-DUR
O O O O O O O O O O O O B-DEP I-DEP I-DEP O O
O O O O O O O O O O O O O O O O O O B-DATE I-DATE
O O O O O O O O O O O O O O B-TIME I-TIME
O
O O O O O O O O O O O O O O O O O O B-DATE I-DATE I-DATE
B-LOC I-LOC
O O O O O O B-PER I-PER
O O O O O O O O O O O O O O O O O O B-DUR I-DUR I-DUR I-DUR I-DUR
O O O O O O O O O O O O O O O O O O O
O O O O O O O O O O O O O O B-TIME I-TIME I-TIME
O O O O O O O O O O O O O B-PER I-PER O B-PER I-PER O B-PER I-PER O B-PER
O O O O O O O O O O O O O O O O O O B-DATE I-DATE I-DATE
O O O O O O O O O O O O O O B-TIME
B-TIME I-TIME I-TIME I-TIME
O O O O O O O O O O O O O O O O O
B-DATE I-DATE I-DATE
O O O O O O O O O O O O O O O O O O O O O O O O O O O O O O O O
O
O O O O O O O O O O O O O O O B-DUR I-DUR I-DUR I-DUR I-DUR I-DUR
O O O O O O O O O O O O O O B-TIME I-TIME I-TIME
O O
O O O O O O O
O O O O O O O O O O O O O O O O O O B-DUR I-DUR I-DUR
O O O O O O O O
O O O O O O B-DATE I-DATE B-APM I-APM B-TIME I-TIME O B-LOC I-LOC I-LOC I-LOC O O O O B-PNO I-PNO I-PNO
O O O O O O O O O O O O O O O O O O O O
O O O O O O O O O O O O O O O O O O O
O O O O O O O O O O O O O B-PER O B-PER I-PER I-PER
O O O O O O O O O O O O O O O O O O O
O O O O O O O O O O O O O O O B-DATE I-DATE B-APM I-APM
O O O O O O O O O O O O O O O O O O B-DATE I-DATE O O O O O O O O O O
O O O O O O O O O O O O O O O O O O B-DATE I-DATE O O
O O
O O O O O O O O O O O O O O O O O O O O O O O O O O O O
O O O O O O O O O O O O O O O O O O B-DATE I-DATE
O O O O O O O O O O O O O O O O O O O
O O O O O O O O O O O O O O B-APM I-APM O
B-TIME I-TIME I-TIME
O O O O O O O O O O O B-PNO
O O O O O O O O O O O O O O O O O O B-PER I-PER I-PER
O O O O O O O O O O O B-PER O B-PER I-PER
O O O O O O O O O O O O O O O O O O B-DATE I-DATE I-DATE
O O O O O O O O O O O O O O O O B-TIME I-TIME
O O O
O O O O O O O O O O O O O O O O O O B-DATE I-DATE
O O O O O O O O O O O O O O O O O O B-DATE I-DATE I-DATE
O O O O O O O O O O O O O O O O O O O O O
B-APM I-APM
O O O O O O O O O O O O O O O O O O B-DATE I-DATE B-PNO I-PNO I-PNO O B-LOC O O O
O O O O O O O O O O O O O O O O B-APM I-APM B-TIME I-TIME
B-DUR I-DUR I-DUR
O O O O O O O O O O O O O O O O B-TIME I-TIME I-TIME
O O
O O O O O O O O O O O B-PNO
O O
O
O O O O O O O O O O O O O O O O O O B-DATE I-DATE I-DATE I-DATE I-DATE
O O O
O O O O O O O O O O O O O O O O B-DUR I-DUR I-DUR O
O O O O
O O
O O O O O O O O O O O O O O B-TIME I-TIME
B-DATE I-DATE I-DATE I-DATE O B-APM I-APM O B-LOC I-LOC I-LOC I-LOC O O O O O O O O O O O O
O O O O O
B-APM I-APM
B-DATE I-DATE
O O O O O O O O O O O O O O O O O O B-DUR I-DUR I-DUR O
O O
B-APM I-APM B-TIME I-TIME
O O O B-LOC I-LOC
O O O O O O O O O O O O O O O O O O O O O O O O O O O O O O
B-PNO I-PNO
B-DATE I-DATE B-APM I-APM B-TIME I-TIME O B-PNO I-PNO
O O O O O O O O O O O O O O O B-DATE I-DATE I-DATE
B-APM I-APM
O O O O B-DATE I-DATE B-APM I-APM B-TIME I-TIME O B-TIME I-TIME O B-LOC I-LOC I-LOC O O O O B-PNO I-PNO I-PNO
O O O O O O O O O O O O O O O O O O O O O O O O B-PNO I-PNO O
O O O O O O O O O O O O O O O O O O O O O O
B-DATE I-DATE B-APM I-APM B-TIME I-TIME O B-LOC I-LOC I-LOC I-LOC O O O
O O O O O O O O O O O O O O O O O O B-APM I-APM B-TIME I-TIME
O O O O O O O O O O O O O O O O O O B-PER O B-PER O B-PER I-PER
O O O O O O O O O O O O O O O O O O B-DATE I-DATE I-DATE
B-APM I-APM
O O
O O
O O O O O O O O O O O B-PNO I-PNO
O O O O O O O O O O O O O O B-TIME
O O O O O O O O O O O O O O O O O O B-DATE I-DATE
O O O O O O O O O O O O O O O O O O B-TIME I-TIME I-TIME
O O O O O O O O O O O O O O O O O O B-TIME I-TIME
B-DATE I-DATE B-APM I-APM O B-PNO I-PNO
O O O O O O O O O O O O O O O O O O B-DATE I-DATE B-APM I-APM B-TIME I-TIME
O O O O O O O O O O O O O O O O O O O O O
O O O O O O O O O O O O O O O O O O O
O O
O O O O O O O O O O O O O O B-LOC
O O O O O O
O O O O O O O O O O O O O O O B-PNO I-PNO
O O O O O O O O O
O O O O O O O O O O O B-PNO
O O O O O O O O O O O O O O O O O B-PNO
O O O O O O O O O O O O O O O B-LOC I-LOC I-LOC I-LOC
B-DATE I-DATE
O O O O O O O O O O O B-LOC I-LOC I-LOC O O O
O O O O O O O O O O O O O O O B-PNO I-PNO
O O O O O O O B-PNO I-PNO I-PNO I-PNO I-PNO
O O
O
O O
O O O O O O O O O O O O O O O O O O O
O O O O O O O O O O O O O O O O
O O O O O O O O O O O O O O O O O O O
O O O O O O O O O O O B-PNO I-PNO
O O O O O O O O O O O B-PNO
O O O O O O O O O O O O O O O O O O B-DATE I-DATE I-DATE
B-LOC I-LOC I-LOC I-LOC O O O
B-PNO I-PNO I-PNO I-PNO I-PNO
O O
O O O O O O O O O O O B-PER I-PER I-PER O B-PER I-PER O O B-PER I-PER O B-PER I-PER I-PER
O O O O O O O O O O O B-PNO
B-DATE I-DATE O
O O O O O O O O O O O O O O O O O O O O
O O O O O O O O O O O O O O O O B-DUR I-DUR I-DUR
O O O O O B-PER O B-PER I-PER O B-PER I-PER O B-PER I-PER I-PER
O
O O O O O O O O O O O B-LOC I-LOC O O O
O O O O O O O O O O O O O O O O O O O O O O O O O
O O O O O O O O O O O B-PNO
O O O O O O O O O O O O O O B-APM I-APM B-TIME I-TIME
O O O O O O O O O O O B-PNO I-PNO
O O O
O O O O O O O O O O O O O O O O O O O
O O O
B-APM
O O O O O O O O O O O O O O B-TIME I-TIME I-TIME
O O O O O O O O O O O O O O O O O O
O O O O O O O O O O O O O O O O O O B-DATE I-DATE
O O O O
O O O O O
O O O O O O O O O O O B-PER O B-PER I-PER O B-DATE I-DATE B-APM I-APM B-TIME I-TIME O B-LOC I-LOC I-LOC O O O
O O O O O O O O O O O O O O O B-PNO I-PNO O O O O O O O O
O O O O O O O O O O O O O O O O O O B-DATE I-DATE I-DATE I-DATE
O O O O O O O O O O O B-LOC I-LOC O O O
O
O O O O O O O
O O O O O O O O O O O O O O O O O O B-DATE I-DATE I-DATE I-DATE I-DATE
O O O O O O O O O O O O O O O O B-PNO I-PNO I-PNO I-PNO I-PNO
O O O O O O O O O O O O O O B-TIME
O O O O O O O O O O O O O O O O O O O O O O O O O O O O O O O O
B-APM I-APM
O O O O O O O O O O O O O O O O B-DATE I-DATE I-DATE
O O O O O O O O O O O O O O O O B-APM I-APM O
O O O O O O O O O O O O O O O O O O O
O O O O O O O O O O O B-TIME I-TIME I-TIME B-APM
O O O O O O O O O O O O O O O O B-DUR I-DUR I-DUR
O O O O O O O O O O O O O O O O B-DATE I-DATE I-DATE
O O
O O O O O O O O O O O O O O B-LOC I-LOC
O O
B-APM I-APM B-TIME I-TIME
O O O O O O O O O O O O O O O O O O O O O O O O O O O O O O O O
O O O O O O O O O O O O O O B-TIME I-TIME O
O O O O O O O O O O O O O O B-DATE I-DATE I-DATE I-DATE O B-DATE I-DATE O B-LOC I-LOC I-LOC
O O O O O O O O O O O O O O O O O O O
B-APM I-APM O
O O O O O O O O O O O B-LOC O O O
O O O O O O
O O O O O O O O O O O O O O O O O O B-DATE I-DATE
O O O O O O O O O O O O O O O O O O
O O O O O O O O O O O B-PNO I-PNO
O O O O O O O O O O O O O O O O O O B-DATE I-DATE
B-APM I-APM O
O O O O O O O O O O O O O O O O O O O
O O
B-DATE I-DATE I-DATE
O O O O O O O O O O O O O O B-OCC I-OCC I-OCC I-OCC I-OCC
O O O O O O O O O O O B-TIME I-TIME I-TIME I-TIME
O O O O O O O O O O O O O O O O O O B-PER I-PER I-PER O B-PER I-PER O B-PER I-PER I-PER O B-PER
O O O O O O O O O O O O O O O O O O O O O
O O O O O O O O O O O O O O O O O O O O O O O O O O O O O O O O
B-TIME I-TIME I-TIME I-TIME
O O O O O O O O O O O O O O O O O B-PNO
O O O O O O O O
O O O O O O O O O O O O O O O O O O O O O O O O O O O O O O O O
O O O O O O O O O O
O O O O O O O O O O O B-PNO
O O O O O O O O O O O B-PNO
